#
# There is insufficient memory for the Java Runtime Environment to continue.
# Native memory allocation (malloc) failed to allocate 1098960 bytes for Chunk::new
# Possible reasons:
#   The system is out of physical RAM or swap space
#   The process is running with CompressedOops enabled, and the Java Heap may be blocking the growth of the native heap
# Possible solutions:
#   Reduce memory load on the system
#   Increase physical memory or swap space
#   Check if swap backing store is full
#   Decrease Java heap size (-Xmx/-Xms)
#   Decrease number of Java threads
#   Decrease Java thread stack sizes (-Xss)
#   Set larger code cache with -XX:ReservedCodeCacheSize=
#   JVM is running with Zero Based Compressed Oops mode in which the Java heap is
#     placed in the first 32GB address space. The Java Heap base address is the
#     maximum limit for the native heap growth. Please use -XX:HeapBaseMinAddress
#     to set the Java Heap base and to place the Java Heap above 32GB virtual address.
# This output file may be truncated or incomplete.
#
#  Out of Memory Error (t:/workspace/open/src/hotspot/share/memory/arena.cpp:197), pid=8928, tid=16856
#
# JRE version: OpenJDK Runtime Environment (11.0.2+9) (build 11.0.2+9)
# Java VM: OpenJDK 64-Bit Server VM (11.0.2+9, mixed mode, tiered, compressed oops, g1 gc, windows-amd64)
# No core dump will be written. Minidumps are not enabled by default on client versions of Windows
#

---------------  S U M M A R Y ------------

Command Line: -Dorg.jetbrains.run.directory=C:\Users\AminS13\IdeaProjects\SMAPI-Testing-Automation\src\test\resources\features -javaagent:C:\Users\AminS13\AppData\Local\JetBrains\IntelliJ IDEA Community Edition 2021.2.3\lib\idea_rt.jar=58995:C:\Users\AminS13\AppData\Local\JetBrains\IntelliJ IDEA Community Edition 2021.2.3\bin -Dfile.encoding=UTF-8 io.cucumber.core.cli.Main --plugin org.jetbrains.plugins.cucumber.java.run.CucumberJvm5SMFormatter --name ^Check Edit User_ID value in events after edit$ --glue core --glue stepdefs C:/Users/AminS13/IdeaProjects/SMAPI-Testing-Automation/src/test/resources/features/SMAPIConfig.feature

Host: Intel(R) Core(TM) i5-10310U CPU @ 1.70GHz, 8 cores, 15G,  Windows 10 , 64 bit Build 18362 (10.0.18362.1766)
Time: Sun Dec 12 21:34:13 2021 Egypt Standard Time elapsed time: 80 seconds (0d 0h 1m 20s)

---------------  T H R E A D  ---------------

Current thread (0x000001c23716b000):  JavaThread "C2 CompilerThread0" daemon [_thread_in_native, id=16856, stack(0x000000a1e4000000,0x000000a1e4100000)]


Current CompileTask:
C2:  80140 2831   !   4       io.cucumber.messages.internal.com.google.protobuf.GeneratedMessageV3$FieldAccessorTable::ensureFieldAccessorsInitialized (471 bytes)

Stack: [0x000000a1e4000000,0x000000a1e4100000]
Native frames: (J=compiled Java code, j=interpreted, Vv=VM code, C=native code)
V  [jvm.dll+0x63489a]
V  [jvm.dll+0x771f9f]
V  [jvm.dll+0x773648]
V  [jvm.dll+0x773d03]
V  [jvm.dll+0x25eba8]
V  [jvm.dll+0xc2191]
V  [jvm.dll+0xc271c]
V  [jvm.dll+0x5c8557]
V  [jvm.dll+0x5c742e]
V  [jvm.dll+0x21886d]
V  [jvm.dll+0x217b6a]
V  [jvm.dll+0x194370]
V  [jvm.dll+0x226b3f]
V  [jvm.dll+0x225148]
V  [jvm.dll+0x73774d]
V  [jvm.dll+0x633942]
C  [ucrtbase.dll+0x210b2]
C  [KERNEL32.DLL+0x17c24]
C  [ntdll.dll+0x6d721]


---------------  P R O C E S S  ---------------

Threads class SMR info:
_java_thread_list=0x000001c23a549b10, length=21, elements={
0x000001c213178000, 0x000001c237171000, 0x000001c237176000, 0x000001c237168800,
0x000001c23716a000, 0x000001c23716b000, 0x000001c2371cd800, 0x000001c2371d1800,
0x000001c23712b000, 0x000001c237561800, 0x000001c23798b800, 0x000001c238d10800,
0x000001c238516000, 0x000001c238517000, 0x000001c2385fc000, 0x000001c2385fd000,
0x000001c238644800, 0x000001c238a28000, 0x000001c23a559800, 0x000001c238d88000,
0x000001c238ae7800
}

Java Threads: ( => current thread )
  0x000001c213178000 JavaThread "main" [_thread_in_native, id=21712, stack(0x000000a1e3500000,0x000000a1e3600000)]
  0x000001c237171000 JavaThread "Reference Handler" daemon [_thread_blocked, id=11544, stack(0x000000a1e3c00000,0x000000a1e3d00000)]
  0x000001c237176000 JavaThread "Finalizer" daemon [_thread_blocked, id=15340, stack(0x000000a1e3d00000,0x000000a1e3e00000)]
  0x000001c237168800 JavaThread "Signal Dispatcher" daemon [_thread_blocked, id=11368, stack(0x000000a1e3e00000,0x000000a1e3f00000)]
  0x000001c23716a000 JavaThread "Attach Listener" daemon [_thread_blocked, id=7064, stack(0x000000a1e3f00000,0x000000a1e4000000)]
=>0x000001c23716b000 JavaThread "C2 CompilerThread0" daemon [_thread_in_native, id=16856, stack(0x000000a1e4000000,0x000000a1e4100000)]
  0x000001c2371cd800 JavaThread "C1 CompilerThread0" daemon [_thread_blocked, id=17060, stack(0x000000a1e4100000,0x000000a1e4200000)]
  0x000001c2371d1800 JavaThread "Sweeper thread" daemon [_thread_blocked, id=25524, stack(0x000000a1e4200000,0x000000a1e4300000)]
  0x000001c23712b000 JavaThread "Common-Cleaner" daemon [_thread_blocked, id=26856, stack(0x000000a1e4300000,0x000000a1e4400000)]
  0x000001c237561800 JavaThread "Monitor Ctrl-Break" daemon [_thread_in_native, id=11844, stack(0x000000a1e4400000,0x000000a1e4500000)]
  0x000001c23798b800 JavaThread "Service Thread" daemon [_thread_blocked, id=4740, stack(0x000000a1e4500000,0x000000a1e4600000)]
  0x000001c238d10800 JavaThread "ForkJoinPool.commonPool-worker-5" daemon [_thread_blocked, id=29076, stack(0x000000a1e4f00000,0x000000a1e5000000)]
  0x000001c238516000 JavaThread "ForkJoinPool.commonPool-worker-7" daemon [_thread_blocked, id=29496, stack(0x000000a1e5000000,0x000000a1e5100000)]
  0x000001c238517000 JavaThread "ForkJoinPool.commonPool-worker-9" daemon [_thread_blocked, id=28448, stack(0x000000a1e5100000,0x000000a1e5200000)]
  0x000001c2385fc000 JavaThread "ForkJoinPool.commonPool-worker-11" daemon [_thread_blocked, id=21440, stack(0x000000a1e5200000,0x000000a1e5300000)]
  0x000001c2385fd000 JavaThread "ForkJoinPool.commonPool-worker-13" daemon [_thread_blocked, id=13192, stack(0x000000a1e5300000,0x000000a1e5400000)]
  0x000001c238644800 JavaThread "ForkJoinPool.commonPool-worker-15" daemon [_thread_blocked, id=4680, stack(0x000000a1e5400000,0x000000a1e5500000)]
  0x000001c238a28000 JavaThread "OkHttp ConnectionPool" daemon [_thread_blocked, id=24772, stack(0x000000a1e4c00000,0x000000a1e4d00000)]
  0x000001c23a559800 JavaThread "Okio Watchdog" daemon [_thread_blocked, id=29520, stack(0x000000a1e5600000,0x000000a1e5700000)]
  0x000001c238d88000 JavaThread "C2 CompilerThread1" daemon [_thread_blocked, id=27348, stack(0x000000a1e3200000,0x000000a1e3300000)]
  0x000001c238ae7800 JavaThread "C2 CompilerThread2" daemon [_thread_blocked, id=5620, stack(0x000000a1e3300000,0x000000a1e3400000)]

Other Threads:
  0x000001c237136000 VMThread "VM Thread" [stack: 0x000000a1e3b00000,0x000000a1e3c00000] [id=28968]
  0x000001c2373c3800 WatcherThread [stack: 0x000000a1e4600000,0x000000a1e4700000] [id=15180]
  0x000001c213198800 GCTaskThread "GC Thread#0" [stack: 0x000000a1e3600000,0x000000a1e3700000] [id=4776]
  0x000001c237bae800 GCTaskThread "GC Thread#1" [stack: 0x000000a1e4700000,0x000000a1e4800000] [id=25868]
  0x000001c2381fa000 GCTaskThread "GC Thread#2" [stack: 0x000000a1e4800000,0x000000a1e4900000] [id=24332]
  0x000001c237d28800 GCTaskThread "GC Thread#3" [stack: 0x000000a1e4900000,0x000000a1e4a00000] [id=28304]
  0x000001c238209800 GCTaskThread "GC Thread#4" [stack: 0x000000a1e4a00000,0x000000a1e4b00000] [id=28244]
  0x000001c23827d800 GCTaskThread "GC Thread#5" [stack: 0x000000a1e4b00000,0x000000a1e4c00000] [id=11388]
  0x000001c2131ca800 ConcurrentGCThread "G1 Main Marker" [stack: 0x000000a1e3700000,0x000000a1e3800000] [id=11552]
  0x000001c2131cb800 ConcurrentGCThread "G1 Conc#0" [stack: 0x000000a1e3800000,0x000000a1e3900000] [id=17024]
  0x000001c2386b3800 ConcurrentGCThread "G1 Conc#1" [stack: 0x000000a1e4d00000,0x000000a1e4e00000] [id=27848]
  0x000001c22a888800 ConcurrentGCThread "G1 Refine#0" [stack: 0x000000a1e3900000,0x000000a1e3a00000] [id=22152]
  0x000001c22a889800 ConcurrentGCThread "G1 Young RemSet Sampling" [stack: 0x000000a1e3a00000,0x000000a1e3b00000] [id=28688]

Threads with active compile tasks:
C2 CompilerThread02831   !   4       io.cucumber.messages.internal.com.google.protobuf.GeneratedMessageV3$FieldAccessorTable::ensureFieldAccessorsInitialized (471 bytes)

VM state:not at safepoint (normal execution)

VM Mutex/Monitor currently owned by a thread: None

Heap address: 0x0000000704600000, size: 4026 MB, Compressed Oops mode: Zero based, Oop shift amount: 3
Narrow klass base: 0x0000000800000000, Narrow klass shift: 0
Compressed class space size: 1073741824 Address: 0x0000000800000000

Heap:
 garbage-first heap   total 258048K, used 40803K [0x0000000704600000, 0x0000000800000000)
  region size 1024K, 36 young (36864K), 5 survivors (5120K)
 Metaspace       used 30152K, capacity 31054K, committed 31360K, reserved 1077248K
  class space    used 3314K, capacity 3653K, committed 3712K, reserved 1048576K
Heap Regions: E=young(eden), S=young(survivor), O=old, HS=humongous(starts), HC=humongous(continues), CS=collection set, F=free, A=archive, TAMS=top-at-mark-start (previous, next)
|   0|0x0000000704600000, 0x0000000704700000, 0x0000000704700000|100%| O|  |TAMS 0x0000000704700000, 0x0000000704600000| Untracked 
|   1|0x0000000704700000, 0x0000000704800000, 0x0000000704800000|100%| O|  |TAMS 0x0000000704800000, 0x0000000704700000| Untracked 
|   2|0x0000000704800000, 0x0000000704900000, 0x0000000704900000|100%| O|  |TAMS 0x0000000704900000, 0x0000000704800000| Untracked 
|   3|0x0000000704900000, 0x0000000704a00000, 0x0000000704a00000|100%| O|  |TAMS 0x0000000704902200, 0x0000000704900000| Untracked 
|   4|0x0000000704a00000, 0x0000000704b00000, 0x0000000704b00000|100%| O|  |TAMS 0x0000000704a00000, 0x0000000704a00000| Untracked 
|   5|0x0000000704b00000, 0x0000000704bd8c00, 0x0000000704c00000| 84%| O|  |TAMS 0x0000000704b00000, 0x0000000704b00000| Untracked 
|   6|0x0000000704c00000, 0x0000000704c00000, 0x0000000704d00000|  0%| F|  |TAMS 0x0000000704c00000, 0x0000000704c00000| Untracked 
|   7|0x0000000704d00000, 0x0000000704d00000, 0x0000000704e00000|  0%| F|  |TAMS 0x0000000704d00000, 0x0000000704d00000| Untracked 
|   8|0x0000000704e00000, 0x0000000704e00000, 0x0000000704f00000|  0%| F|  |TAMS 0x0000000704e00000, 0x0000000704e00000| Untracked 
|   9|0x0000000704f00000, 0x0000000704f00000, 0x0000000705000000|  0%| F|  |TAMS 0x0000000704f00000, 0x0000000704f00000| Untracked 
|  10|0x0000000705000000, 0x0000000705000000, 0x0000000705100000|  0%| F|  |TAMS 0x0000000705000000, 0x0000000705000000| Untracked 
|  11|0x0000000705100000, 0x0000000705100000, 0x0000000705200000|  0%| F|  |TAMS 0x0000000705100000, 0x0000000705100000| Untracked 
|  12|0x0000000705200000, 0x0000000705200000, 0x0000000705300000|  0%| F|  |TAMS 0x0000000705200000, 0x0000000705200000| Untracked 
|  13|0x0000000705300000, 0x0000000705300000, 0x0000000705400000|  0%| F|  |TAMS 0x0000000705300000, 0x0000000705300000| Untracked 
|  14|0x0000000705400000, 0x0000000705400000, 0x0000000705500000|  0%| F|  |TAMS 0x0000000705400000, 0x0000000705400000| Untracked 
|  15|0x0000000705500000, 0x0000000705500000, 0x0000000705600000|  0%| F|  |TAMS 0x0000000705500000, 0x0000000705500000| Untracked 
|  16|0x0000000705600000, 0x0000000705600000, 0x0000000705700000|  0%| F|  |TAMS 0x0000000705600000, 0x0000000705600000| Untracked 
|  17|0x0000000705700000, 0x0000000705700000, 0x0000000705800000|  0%| F|  |TAMS 0x0000000705700000, 0x0000000705700000| Untracked 
|  18|0x0000000705800000, 0x0000000705800000, 0x0000000705900000|  0%| F|  |TAMS 0x0000000705800000, 0x0000000705800000| Untracked 
|  19|0x0000000705900000, 0x0000000705900000, 0x0000000705a00000|  0%| F|  |TAMS 0x0000000705900000, 0x0000000705900000| Untracked 
|  20|0x0000000705a00000, 0x0000000705a00000, 0x0000000705b00000|  0%| F|  |TAMS 0x0000000705a00000, 0x0000000705a00000| Untracked 
|  21|0x0000000705b00000, 0x0000000705b00000, 0x0000000705c00000|  0%| F|  |TAMS 0x0000000705b00000, 0x0000000705b00000| Untracked 
|  22|0x0000000705c00000, 0x0000000705c00000, 0x0000000705d00000|  0%| F|  |TAMS 0x0000000705c00000, 0x0000000705c00000| Untracked 
|  23|0x0000000705d00000, 0x0000000705d00000, 0x0000000705e00000|  0%| F|  |TAMS 0x0000000705d00000, 0x0000000705d00000| Untracked 
|  24|0x0000000705e00000, 0x0000000705e00000, 0x0000000705f00000|  0%| F|  |TAMS 0x0000000705e00000, 0x0000000705e00000| Untracked 
|  25|0x0000000705f00000, 0x0000000705f00000, 0x0000000706000000|  0%| F|  |TAMS 0x0000000705f00000, 0x0000000705f00000| Untracked 
|  26|0x0000000706000000, 0x0000000706000000, 0x0000000706100000|  0%| F|  |TAMS 0x0000000706000000, 0x0000000706000000| Untracked 
|  27|0x0000000706100000, 0x0000000706100000, 0x0000000706200000|  0%| F|  |TAMS 0x0000000706100000, 0x0000000706100000| Untracked 
|  28|0x0000000706200000, 0x0000000706200000, 0x0000000706300000|  0%| F|  |TAMS 0x0000000706200000, 0x0000000706200000| Untracked 
|  29|0x0000000706300000, 0x0000000706300000, 0x0000000706400000|  0%| F|  |TAMS 0x0000000706300000, 0x0000000706300000| Untracked 
|  30|0x0000000706400000, 0x0000000706400000, 0x0000000706500000|  0%| F|  |TAMS 0x0000000706400000, 0x0000000706400000| Untracked 
|  31|0x0000000706500000, 0x0000000706500000, 0x0000000706600000|  0%| F|  |TAMS 0x0000000706500000, 0x0000000706500000| Untracked 
|  32|0x0000000706600000, 0x0000000706600000, 0x0000000706700000|  0%| F|  |TAMS 0x0000000706600000, 0x0000000706600000| Untracked 
|  33|0x0000000706700000, 0x0000000706700000, 0x0000000706800000|  0%| F|  |TAMS 0x0000000706700000, 0x0000000706700000| Untracked 
|  34|0x0000000706800000, 0x0000000706800000, 0x0000000706900000|  0%| F|  |TAMS 0x0000000706800000, 0x0000000706800000| Untracked 
|  35|0x0000000706900000, 0x0000000706900000, 0x0000000706a00000|  0%| F|  |TAMS 0x0000000706900000, 0x0000000706900000| Untracked 
|  36|0x0000000706a00000, 0x0000000706a00000, 0x0000000706b00000|  0%| F|  |TAMS 0x0000000706a00000, 0x0000000706a00000| Untracked 
|  37|0x0000000706b00000, 0x0000000706b00000, 0x0000000706c00000|  0%| F|  |TAMS 0x0000000706b00000, 0x0000000706b00000| Untracked 
|  38|0x0000000706c00000, 0x0000000706c00000, 0x0000000706d00000|  0%| F|  |TAMS 0x0000000706c00000, 0x0000000706c00000| Untracked 
|  39|0x0000000706d00000, 0x0000000706d00000, 0x0000000706e00000|  0%| F|  |TAMS 0x0000000706d00000, 0x0000000706d00000| Untracked 
|  40|0x0000000706e00000, 0x0000000706e00000, 0x0000000706f00000|  0%| F|  |TAMS 0x0000000706e00000, 0x0000000706e00000| Untracked 
|  41|0x0000000706f00000, 0x0000000706f00000, 0x0000000707000000|  0%| F|  |TAMS 0x0000000706f00000, 0x0000000706f00000| Untracked 
|  42|0x0000000707000000, 0x0000000707000000, 0x0000000707100000|  0%| F|  |TAMS 0x0000000707000000, 0x0000000707000000| Untracked 
|  43|0x0000000707100000, 0x0000000707100000, 0x0000000707200000|  0%| F|  |TAMS 0x0000000707100000, 0x0000000707100000| Untracked 
|  44|0x0000000707200000, 0x0000000707200000, 0x0000000707300000|  0%| F|  |TAMS 0x0000000707200000, 0x0000000707200000| Untracked 
|  45|0x0000000707300000, 0x0000000707300000, 0x0000000707400000|  0%| F|  |TAMS 0x0000000707300000, 0x0000000707300000| Untracked 
|  46|0x0000000707400000, 0x0000000707400000, 0x0000000707500000|  0%| F|  |TAMS 0x0000000707400000, 0x0000000707400000| Untracked 
|  47|0x0000000707500000, 0x0000000707500000, 0x0000000707600000|  0%| F|  |TAMS 0x0000000707500000, 0x0000000707500000| Untracked 
|  48|0x0000000707600000, 0x0000000707600000, 0x0000000707700000|  0%| F|  |TAMS 0x0000000707600000, 0x0000000707600000| Untracked 
|  49|0x0000000707700000, 0x0000000707700000, 0x0000000707800000|  0%| F|  |TAMS 0x0000000707700000, 0x0000000707700000| Untracked 
|  50|0x0000000707800000, 0x0000000707800000, 0x0000000707900000|  0%| F|  |TAMS 0x0000000707800000, 0x0000000707800000| Untracked 
|  51|0x0000000707900000, 0x0000000707900000, 0x0000000707a00000|  0%| F|  |TAMS 0x0000000707900000, 0x0000000707900000| Untracked 
|  52|0x0000000707a00000, 0x0000000707a00000, 0x0000000707b00000|  0%| F|  |TAMS 0x0000000707a00000, 0x0000000707a00000| Untracked 
|  53|0x0000000707b00000, 0x0000000707b00000, 0x0000000707c00000|  0%| F|  |TAMS 0x0000000707b00000, 0x0000000707b00000| Untracked 
|  54|0x0000000707c00000, 0x0000000707c00000, 0x0000000707d00000|  0%| F|  |TAMS 0x0000000707c00000, 0x0000000707c00000| Untracked 
|  55|0x0000000707d00000, 0x0000000707d00000, 0x0000000707e00000|  0%| F|  |TAMS 0x0000000707d00000, 0x0000000707d00000| Untracked 
|  56|0x0000000707e00000, 0x0000000707e00000, 0x0000000707f00000|  0%| F|  |TAMS 0x0000000707e00000, 0x0000000707e00000| Untracked 
|  57|0x0000000707f00000, 0x0000000707f00000, 0x0000000708000000|  0%| F|  |TAMS 0x0000000707f00000, 0x0000000707f00000| Untracked 
|  58|0x0000000708000000, 0x0000000708000000, 0x0000000708100000|  0%| F|  |TAMS 0x0000000708000000, 0x0000000708000000| Untracked 
|  59|0x0000000708100000, 0x0000000708100000, 0x0000000708200000|  0%| F|  |TAMS 0x0000000708100000, 0x0000000708100000| Untracked 
|  60|0x0000000708200000, 0x0000000708200000, 0x0000000708300000|  0%| F|  |TAMS 0x0000000708200000, 0x0000000708200000| Untracked 
|  61|0x0000000708300000, 0x0000000708300000, 0x0000000708400000|  0%| F|  |TAMS 0x0000000708300000, 0x0000000708300000| Untracked 
|  62|0x0000000708400000, 0x0000000708400000, 0x0000000708500000|  0%| F|  |TAMS 0x0000000708400000, 0x0000000708400000| Untracked 
|  63|0x0000000708500000, 0x0000000708500000, 0x0000000708600000|  0%| F|  |TAMS 0x0000000708500000, 0x0000000708500000| Untracked 
|  64|0x0000000708600000, 0x0000000708600000, 0x0000000708700000|  0%| F|  |TAMS 0x0000000708600000, 0x0000000708600000| Untracked 
|  65|0x0000000708700000, 0x0000000708700000, 0x0000000708800000|  0%| F|  |TAMS 0x0000000708700000, 0x0000000708700000| Untracked 
|  66|0x0000000708800000, 0x0000000708800000, 0x0000000708900000|  0%| F|  |TAMS 0x0000000708800000, 0x0000000708800000| Untracked 
|  67|0x0000000708900000, 0x0000000708900000, 0x0000000708a00000|  0%| F|  |TAMS 0x0000000708900000, 0x0000000708900000| Untracked 
|  68|0x0000000708a00000, 0x0000000708a00000, 0x0000000708b00000|  0%| F|  |TAMS 0x0000000708a00000, 0x0000000708a00000| Untracked 
|  69|0x0000000708b00000, 0x0000000708b00000, 0x0000000708c00000|  0%| F|  |TAMS 0x0000000708b00000, 0x0000000708b00000| Untracked 
|  70|0x0000000708c00000, 0x0000000708c00000, 0x0000000708d00000|  0%| F|  |TAMS 0x0000000708c00000, 0x0000000708c00000| Untracked 
|  71|0x0000000708d00000, 0x0000000708d00000, 0x0000000708e00000|  0%| F|  |TAMS 0x0000000708d00000, 0x0000000708d00000| Untracked 
|  72|0x0000000708e00000, 0x0000000708e00000, 0x0000000708f00000|  0%| F|  |TAMS 0x0000000708e00000, 0x0000000708e00000| Untracked 
|  73|0x0000000708f00000, 0x0000000708f00000, 0x0000000709000000|  0%| F|  |TAMS 0x0000000708f00000, 0x0000000708f00000| Untracked 
|  74|0x0000000709000000, 0x0000000709000000, 0x0000000709100000|  0%| F|  |TAMS 0x0000000709000000, 0x0000000709000000| Untracked 
|  75|0x0000000709100000, 0x0000000709100000, 0x0000000709200000|  0%| F|  |TAMS 0x0000000709100000, 0x0000000709100000| Untracked 
|  76|0x0000000709200000, 0x0000000709200000, 0x0000000709300000|  0%| F|  |TAMS 0x0000000709200000, 0x0000000709200000| Untracked 
|  77|0x0000000709300000, 0x0000000709300000, 0x0000000709400000|  0%| F|  |TAMS 0x0000000709300000, 0x0000000709300000| Untracked 
|  78|0x0000000709400000, 0x0000000709400000, 0x0000000709500000|  0%| F|  |TAMS 0x0000000709400000, 0x0000000709400000| Untracked 
|  79|0x0000000709500000, 0x0000000709500000, 0x0000000709600000|  0%| F|  |TAMS 0x0000000709500000, 0x0000000709500000| Untracked 
|  80|0x0000000709600000, 0x0000000709600000, 0x0000000709700000|  0%| F|  |TAMS 0x0000000709600000, 0x0000000709600000| Untracked 
|  81|0x0000000709700000, 0x0000000709700000, 0x0000000709800000|  0%| F|  |TAMS 0x0000000709700000, 0x0000000709700000| Untracked 
|  82|0x0000000709800000, 0x0000000709800000, 0x0000000709900000|  0%| F|  |TAMS 0x0000000709800000, 0x0000000709800000| Untracked 
|  83|0x0000000709900000, 0x0000000709900000, 0x0000000709a00000|  0%| F|  |TAMS 0x0000000709900000, 0x0000000709900000| Untracked 
|  84|0x0000000709a00000, 0x0000000709a00000, 0x0000000709b00000|  0%| F|  |TAMS 0x0000000709a00000, 0x0000000709a00000| Untracked 
|  85|0x0000000709b00000, 0x0000000709b00000, 0x0000000709c00000|  0%| F|  |TAMS 0x0000000709b00000, 0x0000000709b00000| Untracked 
|  86|0x0000000709c00000, 0x0000000709c00000, 0x0000000709d00000|  0%| F|  |TAMS 0x0000000709c00000, 0x0000000709c00000| Untracked 
|  87|0x0000000709d00000, 0x0000000709d00000, 0x0000000709e00000|  0%| F|  |TAMS 0x0000000709d00000, 0x0000000709d00000| Untracked 
|  88|0x0000000709e00000, 0x0000000709e00000, 0x0000000709f00000|  0%| F|  |TAMS 0x0000000709e00000, 0x0000000709e00000| Untracked 
|  89|0x0000000709f00000, 0x0000000709f00000, 0x000000070a000000|  0%| F|  |TAMS 0x0000000709f00000, 0x0000000709f00000| Untracked 
|  90|0x000000070a000000, 0x000000070a000000, 0x000000070a100000|  0%| F|  |TAMS 0x000000070a000000, 0x000000070a000000| Untracked 
|  91|0x000000070a100000, 0x000000070a100000, 0x000000070a200000|  0%| F|  |TAMS 0x000000070a100000, 0x000000070a100000| Untracked 
|  92|0x000000070a200000, 0x000000070a200000, 0x000000070a300000|  0%| F|  |TAMS 0x000000070a200000, 0x000000070a200000| Untracked 
|  93|0x000000070a300000, 0x000000070a300000, 0x000000070a400000|  0%| F|  |TAMS 0x000000070a300000, 0x000000070a300000| Untracked 
|  94|0x000000070a400000, 0x000000070a400000, 0x000000070a500000|  0%| F|  |TAMS 0x000000070a400000, 0x000000070a400000| Untracked 
|  95|0x000000070a500000, 0x000000070a500000, 0x000000070a600000|  0%| F|  |TAMS 0x000000070a500000, 0x000000070a500000| Untracked 
|  96|0x000000070a600000, 0x000000070a600000, 0x000000070a700000|  0%| F|  |TAMS 0x000000070a600000, 0x000000070a600000| Untracked 
|  97|0x000000070a700000, 0x000000070a700000, 0x000000070a800000|  0%| F|  |TAMS 0x000000070a700000, 0x000000070a700000| Untracked 
|  98|0x000000070a800000, 0x000000070a800000, 0x000000070a900000|  0%| F|  |TAMS 0x000000070a800000, 0x000000070a800000| Untracked 
|  99|0x000000070a900000, 0x000000070a900000, 0x000000070aa00000|  0%| F|  |TAMS 0x000000070a900000, 0x000000070a900000| Untracked 
| 100|0x000000070aa00000, 0x000000070aa00000, 0x000000070ab00000|  0%| F|  |TAMS 0x000000070aa00000, 0x000000070aa00000| Untracked 
| 101|0x000000070ab00000, 0x000000070ab00000, 0x000000070ac00000|  0%| F|  |TAMS 0x000000070ab00000, 0x000000070ab00000| Untracked 
| 102|0x000000070ac00000, 0x000000070ac00000, 0x000000070ad00000|  0%| F|  |TAMS 0x000000070ac00000, 0x000000070ac00000| Untracked 
| 103|0x000000070ad00000, 0x000000070ad00000, 0x000000070ae00000|  0%| F|  |TAMS 0x000000070ad00000, 0x000000070ad00000| Untracked 
| 104|0x000000070ae00000, 0x000000070ae00000, 0x000000070af00000|  0%| F|  |TAMS 0x000000070ae00000, 0x000000070ae00000| Untracked 
| 105|0x000000070af00000, 0x000000070af00000, 0x000000070b000000|  0%| F|  |TAMS 0x000000070af00000, 0x000000070af00000| Untracked 
| 106|0x000000070b000000, 0x000000070b000000, 0x000000070b100000|  0%| F|  |TAMS 0x000000070b000000, 0x000000070b000000| Untracked 
| 107|0x000000070b100000, 0x000000070b100000, 0x000000070b200000|  0%| F|  |TAMS 0x000000070b100000, 0x000000070b100000| Untracked 
| 108|0x000000070b200000, 0x000000070b200000, 0x000000070b300000|  0%| F|  |TAMS 0x000000070b200000, 0x000000070b200000| Untracked 
| 109|0x000000070b300000, 0x000000070b300000, 0x000000070b400000|  0%| F|  |TAMS 0x000000070b300000, 0x000000070b300000| Untracked 
| 110|0x000000070b400000, 0x000000070b400000, 0x000000070b500000|  0%| F|  |TAMS 0x000000070b400000, 0x000000070b400000| Untracked 
| 111|0x000000070b500000, 0x000000070b500000, 0x000000070b600000|  0%| F|  |TAMS 0x000000070b500000, 0x000000070b500000| Untracked 
| 112|0x000000070b600000, 0x000000070b600000, 0x000000070b700000|  0%| F|  |TAMS 0x000000070b600000, 0x000000070b600000| Untracked 
| 113|0x000000070b700000, 0x000000070b700000, 0x000000070b800000|  0%| F|  |TAMS 0x000000070b700000, 0x000000070b700000| Untracked 
| 114|0x000000070b800000, 0x000000070b800000, 0x000000070b900000|  0%| F|  |TAMS 0x000000070b800000, 0x000000070b800000| Untracked 
| 115|0x000000070b900000, 0x000000070b900000, 0x000000070ba00000|  0%| F|  |TAMS 0x000000070b900000, 0x000000070b900000| Untracked 
| 116|0x000000070ba00000, 0x000000070ba00000, 0x000000070bb00000|  0%| F|  |TAMS 0x000000070ba00000, 0x000000070ba00000| Untracked 
| 117|0x000000070bb00000, 0x000000070bb00000, 0x000000070bc00000|  0%| F|  |TAMS 0x000000070bb00000, 0x000000070bb00000| Untracked 
| 118|0x000000070bc00000, 0x000000070bc00000, 0x000000070bd00000|  0%| F|  |TAMS 0x000000070bc00000, 0x000000070bc00000| Untracked 
| 119|0x000000070bd00000, 0x000000070bd00000, 0x000000070be00000|  0%| F|  |TAMS 0x000000070bd00000, 0x000000070bd00000| Untracked 
| 120|0x000000070be00000, 0x000000070be00000, 0x000000070bf00000|  0%| F|  |TAMS 0x000000070be00000, 0x000000070be00000| Untracked 
| 121|0x000000070bf00000, 0x000000070bf00000, 0x000000070c000000|  0%| F|  |TAMS 0x000000070bf00000, 0x000000070bf00000| Untracked 
| 122|0x000000070c000000, 0x000000070c000000, 0x000000070c100000|  0%| F|  |TAMS 0x000000070c000000, 0x000000070c000000| Untracked 
| 123|0x000000070c100000, 0x000000070c100000, 0x000000070c200000|  0%| F|  |TAMS 0x000000070c100000, 0x000000070c100000| Untracked 
| 124|0x000000070c200000, 0x000000070c200000, 0x000000070c300000|  0%| F|  |TAMS 0x000000070c200000, 0x000000070c200000| Untracked 
| 125|0x000000070c300000, 0x000000070c300000, 0x000000070c400000|  0%| F|  |TAMS 0x000000070c300000, 0x000000070c300000| Untracked 
| 126|0x000000070c400000, 0x000000070c400000, 0x000000070c500000|  0%| F|  |TAMS 0x000000070c400000, 0x000000070c400000| Untracked 
| 127|0x000000070c500000, 0x000000070c500000, 0x000000070c600000|  0%| F|  |TAMS 0x000000070c500000, 0x000000070c500000| Untracked 
| 128|0x000000070c600000, 0x000000070c600000, 0x000000070c700000|  0%| F|  |TAMS 0x000000070c600000, 0x000000070c600000| Untracked 
| 129|0x000000070c700000, 0x000000070c700000, 0x000000070c800000|  0%| F|  |TAMS 0x000000070c700000, 0x000000070c700000| Untracked 
| 130|0x000000070c800000, 0x000000070c800000, 0x000000070c900000|  0%| F|  |TAMS 0x000000070c800000, 0x000000070c800000| Untracked 
| 131|0x000000070c900000, 0x000000070c900000, 0x000000070ca00000|  0%| F|  |TAMS 0x000000070c900000, 0x000000070c900000| Untracked 
| 132|0x000000070ca00000, 0x000000070ca00000, 0x000000070cb00000|  0%| F|  |TAMS 0x000000070ca00000, 0x000000070ca00000| Untracked 
| 133|0x000000070cb00000, 0x000000070cb00000, 0x000000070cc00000|  0%| F|  |TAMS 0x000000070cb00000, 0x000000070cb00000| Untracked 
| 134|0x000000070cc00000, 0x000000070cc00000, 0x000000070cd00000|  0%| F|  |TAMS 0x000000070cc00000, 0x000000070cc00000| Untracked 
| 135|0x000000070cd00000, 0x000000070cd00000, 0x000000070ce00000|  0%| F|  |TAMS 0x000000070cd00000, 0x000000070cd00000| Untracked 
| 136|0x000000070ce00000, 0x000000070ce00000, 0x000000070cf00000|  0%| F|  |TAMS 0x000000070ce00000, 0x000000070ce00000| Untracked 
| 137|0x000000070cf00000, 0x000000070cf00000, 0x000000070d000000|  0%| F|  |TAMS 0x000000070cf00000, 0x000000070cf00000| Untracked 
| 138|0x000000070d000000, 0x000000070d000000, 0x000000070d100000|  0%| F|  |TAMS 0x000000070d000000, 0x000000070d000000| Untracked 
| 139|0x000000070d100000, 0x000000070d100000, 0x000000070d200000|  0%| F|  |TAMS 0x000000070d100000, 0x000000070d100000| Untracked 
| 140|0x000000070d200000, 0x000000070d200000, 0x000000070d300000|  0%| F|  |TAMS 0x000000070d200000, 0x000000070d200000| Untracked 
| 141|0x000000070d300000, 0x000000070d300000, 0x000000070d400000|  0%| F|  |TAMS 0x000000070d300000, 0x000000070d300000| Untracked 
| 142|0x000000070d400000, 0x000000070d400000, 0x000000070d500000|  0%| F|  |TAMS 0x000000070d400000, 0x000000070d400000| Untracked 
| 143|0x000000070d500000, 0x000000070d500000, 0x000000070d600000|  0%| F|  |TAMS 0x000000070d500000, 0x000000070d500000| Untracked 
| 144|0x000000070d600000, 0x000000070d600000, 0x000000070d700000|  0%| F|  |TAMS 0x000000070d600000, 0x000000070d600000| Untracked 
| 145|0x000000070d700000, 0x000000070d700000, 0x000000070d800000|  0%| F|  |TAMS 0x000000070d700000, 0x000000070d700000| Untracked 
| 146|0x000000070d800000, 0x000000070d800000, 0x000000070d900000|  0%| F|  |TAMS 0x000000070d800000, 0x000000070d800000| Untracked 
| 147|0x000000070d900000, 0x000000070d900000, 0x000000070da00000|  0%| F|  |TAMS 0x000000070d900000, 0x000000070d900000| Untracked 
| 148|0x000000070da00000, 0x000000070da00000, 0x000000070db00000|  0%| F|  |TAMS 0x000000070da00000, 0x000000070da00000| Untracked 
| 149|0x000000070db00000, 0x000000070db00000, 0x000000070dc00000|  0%| F|  |TAMS 0x000000070db00000, 0x000000070db00000| Untracked 
| 150|0x000000070dc00000, 0x000000070dc00000, 0x000000070dd00000|  0%| F|  |TAMS 0x000000070dc00000, 0x000000070dc00000| Untracked 
| 151|0x000000070dd00000, 0x000000070dd00000, 0x000000070de00000|  0%| F|  |TAMS 0x000000070dd00000, 0x000000070dd00000| Untracked 
| 152|0x000000070de00000, 0x000000070de00000, 0x000000070df00000|  0%| F|  |TAMS 0x000000070de00000, 0x000000070de00000| Untracked 
| 153|0x000000070df00000, 0x000000070df00000, 0x000000070e000000|  0%| F|  |TAMS 0x000000070df00000, 0x000000070df00000| Untracked 
| 154|0x000000070e000000, 0x000000070e000000, 0x000000070e100000|  0%| F|  |TAMS 0x000000070e000000, 0x000000070e000000| Untracked 
| 155|0x000000070e100000, 0x000000070e100000, 0x000000070e200000|  0%| F|  |TAMS 0x000000070e100000, 0x000000070e100000| Untracked 
| 156|0x000000070e200000, 0x000000070e200000, 0x000000070e300000|  0%| F|  |TAMS 0x000000070e200000, 0x000000070e200000| Untracked 
| 157|0x000000070e300000, 0x000000070e300000, 0x000000070e400000|  0%| F|  |TAMS 0x000000070e300000, 0x000000070e300000| Untracked 
| 158|0x000000070e400000, 0x000000070e400000, 0x000000070e500000|  0%| F|  |TAMS 0x000000070e400000, 0x000000070e400000| Untracked 
| 159|0x000000070e500000, 0x000000070e500000, 0x000000070e600000|  0%| F|  |TAMS 0x000000070e500000, 0x000000070e500000| Untracked 
| 160|0x000000070e600000, 0x000000070e600000, 0x000000070e700000|  0%| F|  |TAMS 0x000000070e600000, 0x000000070e600000| Untracked 
| 161|0x000000070e700000, 0x000000070e700000, 0x000000070e800000|  0%| F|  |TAMS 0x000000070e700000, 0x000000070e700000| Untracked 
| 162|0x000000070e800000, 0x000000070e800000, 0x000000070e900000|  0%| F|  |TAMS 0x000000070e800000, 0x000000070e800000| Untracked 
| 163|0x000000070e900000, 0x000000070e900000, 0x000000070ea00000|  0%| F|  |TAMS 0x000000070e900000, 0x000000070e900000| Untracked 
| 164|0x000000070ea00000, 0x000000070ea00000, 0x000000070eb00000|  0%| F|  |TAMS 0x000000070ea00000, 0x000000070ea00000| Untracked 
| 165|0x000000070eb00000, 0x000000070eb00000, 0x000000070ec00000|  0%| F|  |TAMS 0x000000070eb00000, 0x000000070eb00000| Untracked 
| 166|0x000000070ec00000, 0x000000070ec00000, 0x000000070ed00000|  0%| F|  |TAMS 0x000000070ec00000, 0x000000070ec00000| Untracked 
| 167|0x000000070ed00000, 0x000000070ed00000, 0x000000070ee00000|  0%| F|  |TAMS 0x000000070ed00000, 0x000000070ed00000| Untracked 
| 168|0x000000070ee00000, 0x000000070ee00000, 0x000000070ef00000|  0%| F|  |TAMS 0x000000070ee00000, 0x000000070ee00000| Untracked 
| 169|0x000000070ef00000, 0x000000070ef00000, 0x000000070f000000|  0%| F|  |TAMS 0x000000070ef00000, 0x000000070ef00000| Untracked 
| 170|0x000000070f000000, 0x000000070f000000, 0x000000070f100000|  0%| F|  |TAMS 0x000000070f000000, 0x000000070f000000| Untracked 
| 171|0x000000070f100000, 0x000000070f100000, 0x000000070f200000|  0%| F|  |TAMS 0x000000070f100000, 0x000000070f100000| Untracked 
| 172|0x000000070f200000, 0x000000070f200000, 0x000000070f300000|  0%| F|  |TAMS 0x000000070f200000, 0x000000070f200000| Untracked 
| 173|0x000000070f300000, 0x000000070f300000, 0x000000070f400000|  0%| F|  |TAMS 0x000000070f300000, 0x000000070f300000| Untracked 
| 174|0x000000070f400000, 0x000000070f400000, 0x000000070f500000|  0%| F|  |TAMS 0x000000070f400000, 0x000000070f400000| Untracked 
| 175|0x000000070f500000, 0x000000070f500000, 0x000000070f600000|  0%| F|  |TAMS 0x000000070f500000, 0x000000070f500000| Untracked 
| 176|0x000000070f600000, 0x000000070f600000, 0x000000070f700000|  0%| F|  |TAMS 0x000000070f600000, 0x000000070f600000| Untracked 
| 177|0x000000070f700000, 0x000000070f700000, 0x000000070f800000|  0%| F|  |TAMS 0x000000070f700000, 0x000000070f700000| Untracked 
| 178|0x000000070f800000, 0x000000070f800000, 0x000000070f900000|  0%| F|  |TAMS 0x000000070f800000, 0x000000070f800000| Untracked 
| 179|0x000000070f900000, 0x000000070f900000, 0x000000070fa00000|  0%| F|  |TAMS 0x000000070f900000, 0x000000070f900000| Untracked 
| 180|0x000000070fa00000, 0x000000070fa00000, 0x000000070fb00000|  0%| F|  |TAMS 0x000000070fa00000, 0x000000070fa00000| Untracked 
| 181|0x000000070fb00000, 0x000000070fb00000, 0x000000070fc00000|  0%| F|  |TAMS 0x000000070fb00000, 0x000000070fb00000| Untracked 
| 182|0x000000070fc00000, 0x000000070fc00000, 0x000000070fd00000|  0%| F|  |TAMS 0x000000070fc00000, 0x000000070fc00000| Untracked 
| 183|0x000000070fd00000, 0x000000070fd00000, 0x000000070fe00000|  0%| F|  |TAMS 0x000000070fd00000, 0x000000070fd00000| Untracked 
| 184|0x000000070fe00000, 0x000000070fe00000, 0x000000070ff00000|  0%| F|  |TAMS 0x000000070fe00000, 0x000000070fe00000| Untracked 
| 185|0x000000070ff00000, 0x000000070ff00000, 0x0000000710000000|  0%| F|  |TAMS 0x000000070ff00000, 0x000000070ff00000| Untracked 
| 186|0x0000000710000000, 0x0000000710000000, 0x0000000710100000|  0%| F|  |TAMS 0x0000000710000000, 0x0000000710000000| Untracked 
| 187|0x0000000710100000, 0x0000000710100000, 0x0000000710200000|  0%| F|  |TAMS 0x0000000710100000, 0x0000000710100000| Untracked 
| 188|0x0000000710200000, 0x0000000710200000, 0x0000000710300000|  0%| F|  |TAMS 0x0000000710200000, 0x0000000710200000| Untracked 
| 189|0x0000000710300000, 0x0000000710300000, 0x0000000710400000|  0%| F|  |TAMS 0x0000000710300000, 0x0000000710300000| Untracked 
| 190|0x0000000710400000, 0x0000000710400000, 0x0000000710500000|  0%| F|  |TAMS 0x0000000710400000, 0x0000000710400000| Untracked 
| 191|0x0000000710500000, 0x0000000710500000, 0x0000000710600000|  0%| F|  |TAMS 0x0000000710500000, 0x0000000710500000| Untracked 
| 192|0x0000000710600000, 0x0000000710600000, 0x0000000710700000|  0%| F|  |TAMS 0x0000000710600000, 0x0000000710600000| Untracked 
| 193|0x0000000710700000, 0x0000000710700000, 0x0000000710800000|  0%| F|  |TAMS 0x0000000710700000, 0x0000000710700000| Untracked 
| 194|0x0000000710800000, 0x0000000710800000, 0x0000000710900000|  0%| F|  |TAMS 0x0000000710800000, 0x0000000710800000| Untracked 
| 195|0x0000000710900000, 0x0000000710900000, 0x0000000710a00000|  0%| F|  |TAMS 0x0000000710900000, 0x0000000710900000| Untracked 
| 196|0x0000000710a00000, 0x0000000710a00000, 0x0000000710b00000|  0%| F|  |TAMS 0x0000000710a00000, 0x0000000710a00000| Untracked 
| 197|0x0000000710b00000, 0x0000000710b00000, 0x0000000710c00000|  0%| F|  |TAMS 0x0000000710b00000, 0x0000000710b00000| Untracked 
| 198|0x0000000710c00000, 0x0000000710c00000, 0x0000000710d00000|  0%| F|  |TAMS 0x0000000710c00000, 0x0000000710c00000| Untracked 
| 199|0x0000000710d00000, 0x0000000710d00000, 0x0000000710e00000|  0%| F|  |TAMS 0x0000000710d00000, 0x0000000710d00000| Untracked 
| 200|0x0000000710e00000, 0x0000000710e00000, 0x0000000710f00000|  0%| F|  |TAMS 0x0000000710e00000, 0x0000000710e00000| Untracked 
| 201|0x0000000710f00000, 0x0000000710f00000, 0x0000000711000000|  0%| F|  |TAMS 0x0000000710f00000, 0x0000000710f00000| Untracked 
| 202|0x0000000711000000, 0x0000000711000000, 0x0000000711100000|  0%| F|  |TAMS 0x0000000711000000, 0x0000000711000000| Untracked 
| 203|0x0000000711100000, 0x0000000711100000, 0x0000000711200000|  0%| F|  |TAMS 0x0000000711100000, 0x0000000711100000| Untracked 
| 204|0x0000000711200000, 0x0000000711200000, 0x0000000711300000|  0%| F|  |TAMS 0x0000000711200000, 0x0000000711200000| Untracked 
| 205|0x0000000711300000, 0x0000000711300000, 0x0000000711400000|  0%| F|  |TAMS 0x0000000711300000, 0x0000000711300000| Untracked 
| 206|0x0000000711400000, 0x0000000711400000, 0x0000000711500000|  0%| F|  |TAMS 0x0000000711400000, 0x0000000711400000| Untracked 
| 207|0x0000000711500000, 0x0000000711500000, 0x0000000711600000|  0%| F|  |TAMS 0x0000000711500000, 0x0000000711500000| Untracked 
| 208|0x0000000711600000, 0x0000000711600000, 0x0000000711700000|  0%| F|  |TAMS 0x0000000711600000, 0x0000000711600000| Untracked 
| 209|0x0000000711700000, 0x0000000711700000, 0x0000000711800000|  0%| F|  |TAMS 0x0000000711700000, 0x0000000711700000| Untracked 
| 210|0x0000000711800000, 0x0000000711800000, 0x0000000711900000|  0%| F|  |TAMS 0x0000000711800000, 0x0000000711800000| Untracked 
| 211|0x0000000711900000, 0x0000000711900000, 0x0000000711a00000|  0%| F|  |TAMS 0x0000000711900000, 0x0000000711900000| Untracked 
| 212|0x0000000711a00000, 0x0000000711b00000, 0x0000000711b00000|100%| S|CS|TAMS 0x0000000711a00000, 0x0000000711a00000| Complete 
| 213|0x0000000711b00000, 0x0000000711c00000, 0x0000000711c00000|100%| S|CS|TAMS 0x0000000711b00000, 0x0000000711b00000| Complete 
| 214|0x0000000711c00000, 0x0000000711c00000, 0x0000000711d00000|  0%| F|  |TAMS 0x0000000711c00000, 0x0000000711c00000| Untracked 
| 215|0x0000000711d00000, 0x0000000711d00000, 0x0000000711e00000|  0%| F|  |TAMS 0x0000000711d00000, 0x0000000711d00000| Untracked 
| 216|0x0000000711e00000, 0x0000000711e00000, 0x0000000711f00000|  0%| F|  |TAMS 0x0000000711e00000, 0x0000000711e00000| Untracked 
| 217|0x0000000711f00000, 0x0000000711f00000, 0x0000000712000000|  0%| F|  |TAMS 0x0000000711f00000, 0x0000000711f00000| Untracked 
| 218|0x0000000712000000, 0x0000000712100000, 0x0000000712100000|100%| E|  |TAMS 0x0000000712000000, 0x0000000712000000| Complete 
| 219|0x0000000712100000, 0x0000000712200000, 0x0000000712200000|100%| S|CS|TAMS 0x0000000712100000, 0x0000000712100000| Complete 
| 220|0x0000000712200000, 0x0000000712300000, 0x0000000712300000|100%| S|CS|TAMS 0x0000000712200000, 0x0000000712200000| Complete 
| 221|0x0000000712300000, 0x0000000712400000, 0x0000000712400000|100%| S|CS|TAMS 0x0000000712300000, 0x0000000712300000| Complete 
| 222|0x0000000712400000, 0x0000000712500000, 0x0000000712500000|100%| E|CS|TAMS 0x0000000712400000, 0x0000000712400000| Complete 
| 223|0x0000000712500000, 0x0000000712600000, 0x0000000712600000|100%| E|  |TAMS 0x0000000712500000, 0x0000000712500000| Complete 
| 224|0x0000000712600000, 0x0000000712700000, 0x0000000712700000|100%| E|CS|TAMS 0x0000000712600000, 0x0000000712600000| Complete 
| 225|0x0000000712700000, 0x0000000712800000, 0x0000000712800000|100%| E|CS|TAMS 0x0000000712700000, 0x0000000712700000| Complete 
| 226|0x0000000712800000, 0x0000000712900000, 0x0000000712900000|100%| E|CS|TAMS 0x0000000712800000, 0x0000000712800000| Complete 
| 227|0x0000000712900000, 0x0000000712a00000, 0x0000000712a00000|100%| E|CS|TAMS 0x0000000712900000, 0x0000000712900000| Complete 
| 228|0x0000000712a00000, 0x0000000712b00000, 0x0000000712b00000|100%| E|CS|TAMS 0x0000000712a00000, 0x0000000712a00000| Complete 
| 229|0x0000000712b00000, 0x0000000712c00000, 0x0000000712c00000|100%| E|CS|TAMS 0x0000000712b00000, 0x0000000712b00000| Complete 
| 230|0x0000000712c00000, 0x0000000712d00000, 0x0000000712d00000|100%| E|CS|TAMS 0x0000000712c00000, 0x0000000712c00000| Complete 
| 231|0x0000000712d00000, 0x0000000712e00000, 0x0000000712e00000|100%| E|CS|TAMS 0x0000000712d00000, 0x0000000712d00000| Complete 
| 232|0x0000000712e00000, 0x0000000712f00000, 0x0000000712f00000|100%| E|CS|TAMS 0x0000000712e00000, 0x0000000712e00000| Complete 
| 233|0x0000000712f00000, 0x0000000713000000, 0x0000000713000000|100%| E|CS|TAMS 0x0000000712f00000, 0x0000000712f00000| Complete 
| 234|0x0000000713000000, 0x0000000713100000, 0x0000000713100000|100%| E|CS|TAMS 0x0000000713000000, 0x0000000713000000| Complete 
| 235|0x0000000713100000, 0x0000000713200000, 0x0000000713200000|100%| E|CS|TAMS 0x0000000713100000, 0x0000000713100000| Complete 
| 236|0x0000000713200000, 0x0000000713300000, 0x0000000713300000|100%| E|CS|TAMS 0x0000000713200000, 0x0000000713200000| Complete 
| 237|0x0000000713300000, 0x0000000713400000, 0x0000000713400000|100%| E|CS|TAMS 0x0000000713300000, 0x0000000713300000| Complete 
| 238|0x0000000713400000, 0x0000000713500000, 0x0000000713500000|100%| E|CS|TAMS 0x0000000713400000, 0x0000000713400000| Complete 
| 239|0x0000000713500000, 0x0000000713600000, 0x0000000713600000|100%| E|CS|TAMS 0x0000000713500000, 0x0000000713500000| Complete 
| 240|0x0000000713600000, 0x0000000713700000, 0x0000000713700000|100%| E|CS|TAMS 0x0000000713600000, 0x0000000713600000| Complete 
| 241|0x0000000713700000, 0x0000000713800000, 0x0000000713800000|100%| E|CS|TAMS 0x0000000713700000, 0x0000000713700000| Complete 
| 242|0x0000000713800000, 0x0000000713900000, 0x0000000713900000|100%| E|CS|TAMS 0x0000000713800000, 0x0000000713800000| Complete 
| 243|0x0000000713900000, 0x0000000713a00000, 0x0000000713a00000|100%| E|CS|TAMS 0x0000000713900000, 0x0000000713900000| Complete 
| 244|0x0000000713a00000, 0x0000000713b00000, 0x0000000713b00000|100%| E|CS|TAMS 0x0000000713a00000, 0x0000000713a00000| Complete 
| 245|0x0000000713b00000, 0x0000000713c00000, 0x0000000713c00000|100%| E|CS|TAMS 0x0000000713b00000, 0x0000000713b00000| Complete 
| 246|0x0000000713c00000, 0x0000000713d00000, 0x0000000713d00000|100%| E|CS|TAMS 0x0000000713c00000, 0x0000000713c00000| Complete 
| 247|0x0000000713d00000, 0x0000000713e00000, 0x0000000713e00000|100%| E|CS|TAMS 0x0000000713d00000, 0x0000000713d00000| Complete 
| 248|0x0000000713e00000, 0x0000000713f00000, 0x0000000713f00000|100%| E|CS|TAMS 0x0000000713e00000, 0x0000000713e00000| Complete 
| 249|0x0000000713f00000, 0x0000000714000000, 0x0000000714000000|100%| E|CS|TAMS 0x0000000713f00000, 0x0000000713f00000| Complete 
| 250|0x0000000714000000, 0x0000000714100000, 0x0000000714100000|100%| E|CS|TAMS 0x0000000714000000, 0x0000000714000000| Complete 
| 251|0x0000000714100000, 0x0000000714200000, 0x0000000714200000|100%| E|CS|TAMS 0x0000000714100000, 0x0000000714100000| Complete 

Card table byte_map: [0x000001c22b120000,0x000001c22b900000] _byte_map_base: 0x000001c2278fd000

Marking Bits (Prev, Next): (CMBitMap*) 0x000001c2131c1c80, (CMBitMap*) 0x000001c2131c1c48
 Prev Bits: [0x000001c22ffd0000, 0x000001c233eb8000)
 Next Bits: [0x000001c22c0e0000, 0x000001c22ffc8000)

Polling page: 0x000001c2128d0000

Metaspace:

Usage:
  Non-class:     26.76 MB capacity,    26.21 MB ( 98%) used,   468.62 KB (  2%) free+waste,    95.00 KB ( <1%) overhead. 
      Class:      3.57 MB capacity,     3.24 MB ( 91%) used,   293.33 KB (  8%) free+waste,    44.75 KB (  1%) overhead. 
       Both:     30.33 MB capacity,    29.45 MB ( 97%) used,   761.95 KB (  2%) free+waste,   139.75 KB ( <1%) overhead. 

Virtual space:
  Non-class space:       28.00 MB reserved,      27.00 MB ( 96%) committed 
      Class space:        1.00 GB reserved,       3.63 MB ( <1%) committed 
             Both:        1.03 GB reserved,      30.63 MB (  3%) committed 

Chunk freelists:
   Non-Class:  6.88 KB
       Class:  3.38 KB
        Both:  10.25 KB

CodeHeap 'non-profiled nmethods': size=120000Kb used=1160Kb max_used=1160Kb free=118839Kb
 bounds [0x000001c222ee0000, 0x000001c223150000, 0x000001c22a410000]
CodeHeap 'profiled nmethods': size=120000Kb used=6047Kb max_used=6047Kb free=113952Kb
 bounds [0x000001c21b9b0000, 0x000001c21bfa0000, 0x000001c222ee0000]
CodeHeap 'non-nmethods': size=5760Kb used=1167Kb max_used=1183Kb free=4592Kb
 bounds [0x000001c21b410000, 0x000001c21b680000, 0x000001c21b9b0000]
 total_blobs=4091 nmethods=2888 adapters=409
 compilation: enabled
              stopped_count=0, restarted_count=0
 full_count=0

Compilation events (10 events):
Event: 79.332 Thread 0x000001c2371cd800 2844       3       java.lang.String::indexOf (7 bytes)
Event: 79.333 Thread 0x000001c2371cd800 nmethod 2844 0x000001c21bf79f90 code [0x000001c21bf7a180, 0x000001c21bf7a4e0]
Event: 79.333 Thread 0x000001c2371cd800 2842       3       com.google.common.collect.ImmutableCollection$Builder::expandedCapacity (45 bytes)
Event: 79.334 Thread 0x000001c2371cd800 nmethod 2842 0x000001c21bf7a610 code [0x000001c21bf7a800, 0x000001c21bf7ab80]
Event: 79.335 Thread 0x000001c2371cd800 2845  s    3       java.lang.Throwable::fillInStackTrace (29 bytes)
Event: 79.335 Thread 0x000001c2371cd800 nmethod 2845 0x000001c21bf7ad10 code [0x000001c21bf7aee0, 0x000001c21bf7b310]
Event: 79.351 Thread 0x000001c23716b000 nmethod 2819 0x000001c222ffbe10 code [0x000001c222ffc040, 0x000001c222ffcba0]
Event: 79.351 Thread 0x000001c23716b000 2818 %     4       java.lang.StringUTF16::putCharsSB @ 14 (44 bytes)
Event: 79.378 Thread 0x000001c23716b000 nmethod 2818% 0x000001c222ffd490 code [0x000001c222ffd640, 0x000001c222ffdb78]
Event: 79.378 Thread 0x000001c23716b000 2831   !   4       io.cucumber.messages.internal.com.google.protobuf.GeneratedMessageV3$FieldAccessorTable::ensureFieldAccessorsInitialized (471 bytes)

GC Heap History (6 events):
Event: 3.029 GC heap before
{Heap before GC invocations=0 (full 0):
 garbage-first heap   total 258048K, used 23552K [0x0000000704600000, 0x0000000800000000)
  region size 1024K, 24 young (24576K), 0 survivors (0K)
 Metaspace       used 14235K, capacity 14455K, committed 14592K, reserved 1062912K
  class space    used 1385K, capacity 1478K, committed 1536K, reserved 1048576K
}
Event: 3.034 GC heap after
{Heap after GC invocations=1 (full 0):
 garbage-first heap   total 258048K, used 6152K [0x0000000704600000, 0x0000000800000000)
  region size 1024K, 3 young (3072K), 3 survivors (3072K)
 Metaspace       used 14235K, capacity 14455K, committed 14592K, reserved 1062912K
  class space    used 1385K, capacity 1478K, committed 1536K, reserved 1048576K
}
Event: 4.045 GC heap before
{Heap before GC invocations=1 (full 0):
 garbage-first heap   total 258048K, used 35848K [0x0000000704600000, 0x0000000800000000)
  region size 1024K, 33 young (33792K), 3 survivors (3072K)
 Metaspace       used 20710K, capacity 21147K, committed 21248K, reserved 1069056K
  class space    used 2136K, capacity 2294K, committed 2304K, reserved 1048576K
}
Event: 4.052 GC heap after
{Heap after GC invocations=2 (full 0):
 garbage-first heap   total 258048K, used 8079K [0x0000000704600000, 0x0000000800000000)
  region size 1024K, 5 young (5120K), 5 survivors (5120K)
 Metaspace       used 20710K, capacity 21147K, committed 21248K, reserved 1069056K
  class space    used 2136K, capacity 2294K, committed 2304K, reserved 1048576K
}
Event: 29.845 GC heap before
{Heap before GC invocations=3 (full 0):
 garbage-first heap   total 258048K, used 37775K [0x0000000704600000, 0x0000000800000000)
  region size 1024K, 35 young (35840K), 5 survivors (5120K)
 Metaspace       used 27198K, capacity 27964K, committed 28160K, reserved 1075200K
  class space    used 2990K, capacity 3274K, committed 3328K, reserved 1048576K
}
Event: 29.859 GC heap after
{Heap after GC invocations=4 (full 0):
 garbage-first heap   total 258048K, used 11107K [0x0000000704600000, 0x0000000800000000)
  region size 1024K, 5 young (5120K), 5 survivors (5120K)
 Metaspace       used 27198K, capacity 27964K, committed 28160K, reserved 1075200K
  class space    used 2990K, capacity 3274K, committed 3328K, reserved 1048576K
}

Deoptimization events (10 events):
Event: 30.171 Thread 0x000001c213178000 Uncommon trap: reason=bimorphic_or_optimized_type_check action=maybe_recompile pc=0x000001c222f8c508 method=java.util.HashMap.putVal(ILjava/lang/Object;Ljava/lang/Object;ZZ)Ljava/lang/Object; @ 203 c2
Event: 30.171 Thread 0x000001c213178000 Uncommon trap: reason=bimorphic_or_optimized_type_check action=maybe_recompile pc=0x000001c222f96218 method=java.util.HashMap.putVal(ILjava/lang/Object;Ljava/lang/Object;ZZ)Ljava/lang/Object; @ 203 c2
Event: 30.252 Thread 0x000001c213178000 Uncommon trap: reason=unstable_if action=reinterpret pc=0x000001c222f90958 method=java.lang.reflect.AccessibleObject.verifyAccess(Ljava/lang/Class;Ljava/lang/Class;Ljava/lang/Class;I)Z @ 14 c2
Event: 40.292 Thread 0x000001c213178000 Uncommon trap: reason=unstable_if action=reinterpret pc=0x000001c222f105d8 method=java.lang.StringCoding.hasNegatives([BII)Z @ 12 c2
Event: 40.358 Thread 0x000001c213178000 Uncommon trap: reason=unstable_if action=reinterpret pc=0x000001c222f47b70 method=java.lang.String.indexOf(Ljava/lang/String;)I @ 8 c2
Event: 48.732 Thread 0x000001c213178000 Uncommon trap: reason=unstable_if action=reinterpret pc=0x000001c222fea4dc method=java.lang.AbstractStringBuilder.appendChars(Ljava/lang/CharSequence;II)V @ 4 c2
Event: 48.732 Thread 0x000001c213178000 Uncommon trap: reason=unstable_if action=reinterpret pc=0x000001c222f3b318 method=java.lang.AbstractStringBuilder.appendChars(Ljava/lang/CharSequence;II)V @ 4 c2
Event: 63.565 Thread 0x000001c213178000 Uncommon trap: reason=unstable_if action=reinterpret pc=0x000001c222fdda5c method=java.lang.Character.isSurrogate(C)Z @ 3 c2
Event: 79.282 Thread 0x000001c213178000 Uncommon trap: reason=unstable_if action=reinterpret pc=0x000001c222f7cafc method=java.lang.String.indexOf([BBILjava/lang/String;I)I @ 62 c2
Event: 79.299 Thread 0x000001c213178000 Uncommon trap: reason=unstable_if action=reinterpret pc=0x000001c222f04ae8 method=java.lang.String.indexOf(II)I @ 4 c2

Classes redefined (0 events):
No events

Internal exceptions (10 events):
Event: 63.576 Thread 0x000001c213178000 Exception <a 'java/lang/ArrayIndexOutOfBoundsException'{0x000000071273d6b8}: Index 1 out of bounds for length 1> (0x000000071273d6b8) thrown at [t:/workspace/open/src/hotspot/share/interpreter/interpreterRuntime.cpp, line 459]
Event: 66.578 Thread 0x000001c213178000 Exception <a 'java/io/IOException'{0x000000071273f788}: CreateProcess error=2, The system cannot find the file specified> (0x000000071273f788) thrown at [t:/workspace/open/src/hotspot/share/prims/jni.cpp, line 636]
Event: 66.587 Thread 0x000001c213178000 Exception <a 'java/net/SocketTimeoutException'{0x000000071275ed10}: Read timed out> (0x000000071275ed10) thrown at [t:/workspace/open/src/hotspot/share/prims/jni.cpp, line 636]
Event: 69.517 Thread 0x000001c213178000 Exception <a 'java/net/SocketTimeoutException'{0x00000007127840b8}: Read timed out> (0x00000007127840b8) thrown at [t:/workspace/open/src/hotspot/share/prims/jni.cpp, line 636]
Event: 72.367 Thread 0x000001c213178000 Exception <a 'java/net/SocketTimeoutException'{0x00000007127ae9c0}: Read timed out> (0x00000007127ae9c0) thrown at [t:/workspace/open/src/hotspot/share/prims/jni.cpp, line 636]
Event: 75.082 Thread 0x000001c213178000 Exception <a 'java/net/SocketTimeoutException'{0x00000007127cd348}: Read timed out> (0x00000007127cd348) thrown at [t:/workspace/open/src/hotspot/share/prims/jni.cpp, line 636]
Event: 77.870 Thread 0x000001c213178000 Exception <a 'java/net/SocketTimeoutException'{0x00000007127f7ac0}: Read timed out> (0x00000007127f7ac0) thrown at [t:/workspace/open/src/hotspot/share/prims/jni.cpp, line 636]
Event: 79.264 Thread 0x000001c213178000 Exception <a 'java/lang/ClassNotFoundException'{0x0000000712626a28}: sun/misc/SharedSecrets> (0x0000000712626a28) thrown at [t:/workspace/open/src/hotspot/share/classfile/systemDictionary.cpp, line 231]
Event: 79.271 Thread 0x000001c213178000 Exception <a 'java/lang/reflect/InvocationTargetException'{0x000000071266c548}> (0x000000071266c548) thrown at [t:/workspace/open/src/hotspot/share/runtime/reflection.cpp, line 1242]
Event: 79.335 Thread 0x000001c213178000 Exception <a 'java/net/SocketTimeoutException'{0x000000071244c050}: Read timed out> (0x000000071244c050) thrown at [t:/workspace/open/src/hotspot/share/prims/jni.cpp, line 636]

Events (10 events):
Event: 79.274 loading class java/lang/Throwable$WrappedPrintStream
Event: 79.275 loading class java/lang/Throwable$WrappedPrintStream done
Event: 79.277 Thread 0x000001c213178000 DEOPT PACKING pc=0x000001c21bec2033 sp=0x000000a1e35fe2a0
Event: 79.277 Thread 0x000001c213178000 DEOPT UNPACKING pc=0x000001c21b438fce sp=0x000000a1e35fd788 mode 0
Event: 79.282 Thread 0x000001c213178000 Uncommon trap: trap_request=0xffffff4d fr.pc=0x000001c222f7cafc relative=0x000000000000023c
Event: 79.282 Thread 0x000001c213178000 DEOPT PACKING pc=0x000001c222f7cafc sp=0x000000a1e35fe530
Event: 79.283 Thread 0x000001c213178000 DEOPT UNPACKING pc=0x000001c21b4391af sp=0x000000a1e35fe498 mode 2
Event: 79.299 Thread 0x000001c213178000 Uncommon trap: trap_request=0xffffff4d fr.pc=0x000001c222f04ae8 relative=0x00000000000001c8
Event: 79.299 Thread 0x000001c213178000 DEOPT PACKING pc=0x000001c222f04ae8 sp=0x000000a1e35fe5e0
Event: 79.299 Thread 0x000001c213178000 DEOPT UNPACKING pc=0x000001c21b4391af sp=0x000000a1e35fe510 mode 2


Dynamic libraries:
0x00007ff666f10000 - 0x00007ff666f55000 	C:\Users\AminS13\Downloads\jdk-11.0.2\bin\java.exe
0x00007fff724c0000 - 0x00007fff726b0000 	C:\Windows\SYSTEM32\ntdll.dll
0x00007fff70860000 - 0x00007fff70913000 	C:\Windows\System32\KERNEL32.DLL
0x00007fff6f450000 - 0x00007fff6f6f6000 	C:\Windows\System32\KERNELBASE.dll
0x0000000060a40000 - 0x0000000060aee000 	C:\Windows\System32\SYSFER.DLL
0x00007fff71c30000 - 0x00007fff71dc4000 	C:\Windows\System32\USER32.dll
0x00007fff6ff80000 - 0x00007fff6ffa1000 	C:\Windows\System32\win32u.dll
0x00007fff70770000 - 0x00007fff70796000 	C:\Windows\System32\GDI32.dll
0x00007fff70160000 - 0x00007fff702f8000 	C:\Windows\System32\gdi32full.dll
0x00007fff703c0000 - 0x00007fff7045e000 	C:\Windows\System32\msvcp_win.dll
0x00007fff70460000 - 0x00007fff7055a000 	C:\Windows\System32\ucrtbase.dll
0x00007fff56eb0000 - 0x00007fff57134000 	C:\Windows\WinSxS\amd64_microsoft.windows.common-controls_6595b64144ccf1df_6.0.18362.1854_none_9e7e6453e45e0f86\COMCTL32.dll
0x00007fff71e30000 - 0x00007fff71ece000 	C:\Windows\System32\msvcrt.dll
0x00007fff71ed0000 - 0x00007fff72206000 	C:\Windows\System32\combase.dll
0x00007fff717a0000 - 0x00007fff718bf000 	C:\Windows\System32\RPCRT4.dll
0x00007fff70330000 - 0x00007fff703b4000 	C:\Windows\System32\bcryptPrimitives.dll
0x00007fff719a0000 - 0x00007fff719ce000 	C:\Windows\System32\IMM32.DLL
0x0000000068000000 - 0x0000000068071000 	C:\Windows\System32\QIPCAP64.dll
0x00007fff707a0000 - 0x00007fff70843000 	C:\Windows\System32\ADVAPI32.dll
0x00007fff72330000 - 0x00007fff723c7000 	C:\Windows\System32\sechost.dll
0x00007fff70a60000 - 0x00007fff71147000 	C:\Windows\System32\SHELL32.dll
0x00007fff6ff30000 - 0x00007fff6ff7a000 	C:\Windows\System32\cfgmgr32.dll
0x00007fff72280000 - 0x00007fff72329000 	C:\Windows\System32\shcore.dll
0x00007fff6f700000 - 0x00007fff6fe7b000 	C:\Windows\System32\windows.storage.dll
0x00007fff6f3a0000 - 0x00007fff6f3be000 	C:\Windows\System32\profapi.dll
0x00007fff6f3c0000 - 0x00007fff6f40a000 	C:\Windows\System32\powrprof.dll
0x00007fff6f370000 - 0x00007fff6f380000 	C:\Windows\System32\UMPDC.dll
0x00007fff711d0000 - 0x00007fff71222000 	C:\Windows\System32\shlwapi.dll
0x00007fff6f410000 - 0x00007fff6f421000 	C:\Windows\System32\kernel.appcore.dll
0x00007fff6f430000 - 0x00007fff6f447000 	C:\Windows\System32\cryptsp.dll
0x00007fff6e900000 - 0x00007fff6e9ca000 	C:\Windows\SYSTEM32\DNSAPI.dll
0x00007fff72210000 - 0x00007fff7227f000 	C:\Windows\System32\WS2_32.dll
0x00007fff70850000 - 0x00007fff70858000 	C:\Windows\System32\NSI.dll
0x00007fff6e8c0000 - 0x00007fff6e8fa000 	C:\Windows\SYSTEM32\IPHLPAPI.DLL
0x00007fff66130000 - 0x00007fff66146000 	C:\Users\AminS13\Downloads\jdk-11.0.2\bin\vcruntime140.dll
0x00007fff44c30000 - 0x00007fff44cda000 	C:\Users\AminS13\Downloads\jdk-11.0.2\bin\msvcp140.dll
0x00007fff1fae0000 - 0x00007fff20603000 	C:\Users\AminS13\Downloads\jdk-11.0.2\bin\server\jvm.dll
0x00007fff71150000 - 0x00007fff71158000 	C:\Windows\System32\PSAPI.DLL
0x00007fff57210000 - 0x00007fff57219000 	C:\Windows\SYSTEM32\WSOCK32.dll
0x00007fff69440000 - 0x00007fff69464000 	C:\Windows\SYSTEM32\WINMM.dll
0x00007fff6d7e0000 - 0x00007fff6d7ea000 	C:\Windows\SYSTEM32\VERSION.dll
0x00007fff693f0000 - 0x00007fff6941d000 	C:\Windows\SYSTEM32\WINMMBASE.dll
0x00007fff65bb0000 - 0x00007fff65bc1000 	C:\Users\AminS13\Downloads\jdk-11.0.2\bin\verify.dll
0x00007fff6d590000 - 0x00007fff6d784000 	C:\Windows\SYSTEM32\DBGHELP.DLL
0x00007fff51fc0000 - 0x00007fff51fea000 	C:\Windows\SYSTEM32\dbgcore.DLL
0x00007fff65b40000 - 0x00007fff65b68000 	C:\Users\AminS13\Downloads\jdk-11.0.2\bin\java.dll
0x00007fff58840000 - 0x00007fff5886f000 	C:\Users\AminS13\Downloads\jdk-11.0.2\bin\instrument.dll
0x00007fff65b90000 - 0x00007fff65ba6000 	C:\Users\AminS13\Downloads\jdk-11.0.2\bin\zip.dll
0x00007fff69820000 - 0x00007fff6982a000 	C:\Users\AminS13\Downloads\jdk-11.0.2\bin\jimage.dll
0x00007fff65b20000 - 0x00007fff65b39000 	C:\Users\AminS13\Downloads\jdk-11.0.2\bin\net.dll
0x00007fff65100000 - 0x00007fff651f9000 	C:\Windows\SYSTEM32\WINHTTP.dll
0x00007fff5aa80000 - 0x00007fff5ac55000 	C:\Windows\SYSTEM32\urlmon.dll
0x00007fff5b180000 - 0x00007fff5b427000 	C:\Windows\SYSTEM32\iertutil.dll
0x00007fff5a8a0000 - 0x00007fff5a8c6000 	C:\Windows\SYSTEM32\srvcli.dll
0x00007fff6e9d0000 - 0x00007fff6e9dc000 	C:\Windows\SYSTEM32\netutils.dll
0x00007fff6ed80000 - 0x00007fff6ed8c000 	C:\Windows\SYSTEM32\CRYPTBASE.DLL
0x00007fff6ebb0000 - 0x00007fff6ec17000 	C:\Windows\system32\mswsock.dll
0x00007fff65b00000 - 0x00007fff65b13000 	C:\Users\AminS13\Downloads\jdk-11.0.2\bin\nio.dll
0x00007fff65a50000 - 0x00007fff65a6a000 	C:\Users\AminS13\AppData\Local\JetBrains\IntelliJ IDEA Community Edition 2021.2.3\bin\breakgen64.dll
0x00007fff6e4c0000 - 0x00007fff6e4f3000 	C:\Windows\system32\rsaenh.dll
0x00007fff70300000 - 0x00007fff70326000 	C:\Windows\System32\bcrypt.dll
0x00007fff6f290000 - 0x00007fff6f2b5000 	C:\Windows\SYSTEM32\USERENV.dll
0x00007fff652f0000 - 0x00007fff65306000 	C:\Windows\SYSTEM32\dhcpcsvc6.DLL
0x00007fff653a0000 - 0x00007fff653bc000 	C:\Windows\SYSTEM32\dhcpcsvc.DLL
0x00007fff57220000 - 0x00007fff57247000 	C:\Users\AminS13\Downloads\jdk-11.0.2\bin\sunec.dll
0x00007fff65ad0000 - 0x00007fff65add000 	C:\Users\AminS13\Downloads\jdk-11.0.2\bin\sunmscapi.dll
0x00007fff70010000 - 0x00007fff7015a000 	C:\Windows\System32\CRYPT32.dll
0x000001c213060000 - 0x000001c213072000 	C:\Windows\System32\MSASN1.dll
0x00007fff6ee80000 - 0x00007fff6eea6000 	C:\Windows\SYSTEM32\ncrypt.dll
0x00007fff6ee40000 - 0x00007fff6ee7b000 	C:\Windows\SYSTEM32\NTASN1.dll
0x00007fff55120000 - 0x00007fff55136000 	C:\Windows\system32\napinsp.dll
0x00007fff55140000 - 0x00007fff5515a000 	C:\Windows\system32\pnrpnsp.dll
0x00007fff55160000 - 0x00007fff5516e000 	C:\Windows\System32\winrnr.dll
0x00007fff67230000 - 0x00007fff6724c000 	C:\Windows\system32\NLAapi.dll
0x00007fff67470000 - 0x00007fff67485000 	C:\Windows\system32\wshbth.dll
0x00007fff5cb50000 - 0x00007fff5cb5a000 	C:\Windows\System32\rasadhlp.dll
0x00007fff667a0000 - 0x00007fff66817000 	C:\Windows\System32\fwpuclnt.dll

dbghelp: loaded successfully - version: 4.0.5 - missing functions: none
symbol engine: initialized successfully - sym options: 0x614 - pdb path: .;C:\Users\AminS13\Downloads\jdk-11.0.2\bin;C:\Windows\SYSTEM32;C:\Windows\WinSxS\amd64_microsoft.windows.common-controls_6595b64144ccf1df_6.0.18362.1854_none_9e7e6453e45e0f86;C:\Users\AminS13\Downloads\jdk-11.0.2\bin\server;C:\Users\AminS13\AppData\Local\JetBrains\IntelliJ IDEA Community Edition 2021.2.3\bin

VM Arguments:
jvm_args: -Dorg.jetbrains.run.directory=C:\Users\AminS13\IdeaProjects\SMAPI-Testing-Automation\src\test\resources\features -javaagent:C:\Users\AminS13\AppData\Local\JetBrains\IntelliJ IDEA Community Edition 2021.2.3\lib\idea_rt.jar=58995:C:\Users\AminS13\AppData\Local\JetBrains\IntelliJ IDEA Community Edition 2021.2.3\bin -Dfile.encoding=UTF-8 
java_command: io.cucumber.core.cli.Main --plugin org.jetbrains.plugins.cucumber.java.run.CucumberJvm5SMFormatter --name ^Check Edit User_ID value in events after edit$ --glue core --glue stepdefs C:/Users/AminS13/IdeaProjects/SMAPI-Testing-Automation/src/test/resources/features/SMAPIConfig.feature
java_class_path (initial): C:\Users\AminS13\IdeaProjects\SMAPI-Testing-Automation\target\test-classes;C:\Users\AminS13\IdeaProjects\SMAPI-Testing-Automation\target\classes;C:\Users\AminS13\.m2\repository\io\cucumber\cucumber-junit\6.10.4\cucumber-junit-6.10.4.jar;C:\Users\AminS13\.m2\repository\org\apiguardian\apiguardian-api\1.1.1\apiguardian-api-1.1.1.jar;C:\Users\AminS13\.m2\repository\io\cucumber\cucumber-core\6.10.4\cucumber-core-6.10.4.jar;C:\Users\AminS13\.m2\repository\io\cucumber\cucumber-gherkin\6.10.4\cucumber-gherkin-6.10.4.jar;C:\Users\AminS13\.m2\repository\io\cucumber\cucumber-gherkin-messages\6.10.4\cucumber-gherkin-messages-6.10.4.jar;C:\Users\AminS13\.m2\repository\io\cucumber\messages\15.0.0\messages-15.0.0.jar;C:\Users\AminS13\.m2\repository\io\cucumber\tag-expressions\3.0.1\tag-expressions-3.0.1.jar;C:\Users\AminS13\.m2\repository\io\cucumber\cucumber-expressions\10.3.0\cucumber-expressions-10.3.0.jar;C:\Users\AminS13\.m2\repository\io\cucumber\datatable\3.5.0\datatable-3.5.0.jar;C:\Users\AminS13\.m2\repository\io\cucumber\cucumber-plugin\6.10.4\cucumber-plugin-6.10.4.jar;C:\Users\AminS13\.m2\repository\io\cucumber\docstring\6.10.4\docstring-6.10.4.jar;C:\Users\AminS13\.m2\repository\io\cucumber\html-formatter\13.0.0\html-formatter-13.0.0.jar;C:\Users\AminS13\.m2\repository\io\cucumber\create-meta\4.0.0\create-meta-4.0.0.jar;C:\Users\AminS13\.m2\repository\junit\junit\4.13.2\junit-4.13.2.jar;C:\Users\AminS13\.m2\repository\org\hamcrest\hamcrest-core\1.3\hamcrest-core-1.3.jar;C:\Users\AminS13\.m2\repository\io\cucumber\cucumber-java\6.10.4\cucumber-java-6.10.4.jar;C:\Users\AminS13\.m2\repository\io\cucumber\cucumber-testng\6.10.4\cucumber-testng-6.10.4.jar;C:\Users\AminS13\.m2\repository\org\testng\testng\7.4.0\testng-7.4.0.jar;C:\Users\AminS13\.m2\repository\com\beust\jcommander\1.78\jcommander-1.78.jar;C:\Users\AminS13\.m2\repository\org\webjars\jquery\3.5.1\jquery-3.5.1.jar;C:\Users\AminS13\.m2\repository\tech\grasshopper\extentreports-cucum
Launcher Type: SUN_STANDARD

[Global flags]
     intx CICompilerCount                          = 4                                         {product} {ergonomic}
     uint ConcGCThreads                            = 2                                         {product} {ergonomic}
     uint G1ConcRefinementThreads                  = 8                                         {product} {ergonomic}
   size_t G1HeapRegionSize                         = 1048576                                   {product} {ergonomic}
    uintx GCDrainStackTargetSize                   = 64                                        {product} {ergonomic}
   size_t InitialHeapSize                          = 264241152                                 {product} {ergonomic}
   size_t MarkStackSize                            = 4194304                                   {product} {ergonomic}
   size_t MaxHeapSize                              = 4221566976                                {product} {ergonomic}
   size_t MaxNewSize                               = 2532311040                                {product} {ergonomic}
   size_t MinHeapDeltaBytes                        = 1048576                                   {product} {ergonomic}
    uintx NonNMethodCodeHeapSize                   = 5835340                                {pd product} {ergonomic}
    uintx NonProfiledCodeHeapSize                  = 122911450                              {pd product} {ergonomic}
    uintx ProfiledCodeHeapSize                     = 122911450                              {pd product} {ergonomic}
    uintx ReservedCodeCacheSize                    = 251658240                              {pd product} {ergonomic}
     bool SegmentedCodeCache                       = true                                      {product} {ergonomic}
     bool UseCompressedClassPointers               = true                                 {lp64_product} {ergonomic}
     bool UseCompressedOops                        = true                                 {lp64_product} {ergonomic}
     bool UseG1GC                                  = true                                      {product} {ergonomic}
     bool UseLargePagesIndividualAllocation        = false                                  {pd product} {ergonomic}

Logging:
Log output configuration:
 #0: stdout all=warning uptime,level,tags
 #1: stderr all=off uptime,level,tags

Environment Variables:
PATH=C:\Program Files (x86)\Common Files\Oracle\Java\javapath;C:\Windows\system32;C:\Windows;C:\Windows\System32\Wbem;C:\Windows\System32\WindowsPowerShell\v1.0\;C:\Windows\System32\OpenSSH\;C:\Program Files\Microsoft VS Code\bin;c:\Program Files\nodejs\;C:\Users\AminS13\AppData\Local\Microsoft\WindowsApps;C:\Users\AminS13\AppData\Local\Programs\Git\cmd
USERNAME=AminS13
OS=Windows_NT
PROCESSOR_IDENTIFIER=Intel64 Family 6 Model 142 Stepping 12, GenuineIntel



---------------  S Y S T E M  ---------------

OS: Windows 10 , 64 bit Build 18362 (10.0.18362.1766)

CPU:total 8 (initial active 8) (4 cores per cpu, 2 threads per core) family 6 model 142 stepping 12, cmov, cx8, fxsr, mmx, sse, sse2, sse3, ssse3, sse4.1, sse4.2, popcnt, avx, avx2, aes, clmul, erms, 3dnowpref, lzcnt, ht, tsc, tscinvbit, bmi1, bmi2, adx, fma

Memory: 4k page, system-wide physical 16102M (1697M free)
TotalPageFile size 46483M (AvailPageFile size 2M)
current process WorkingSet (physical memory assigned to process): 151M, peak: 151M
current process commit charge ("private bytes"): 398M, peak: 398M

vm_info: OpenJDK 64-Bit Server VM (11.0.2+9) for windows-amd64 JRE (11.0.2+9), built on Jan 18 2019 05:23:22 by "mach5one" with MS VC++ 15.5 (VS2017)

END.
